<?xml version="1.0" encoding="UTF-8"?>
<!-- Generated by org.testng.reporters.JUnitReportReporter -->
<testsuite skipped="0" hostname="DESKTOP-32RBSGC" name="getRequest.Put_Data" tests="1" failures="0" timestamp="28 Feb 2019 20:36:23 GMT" time="2.521" errors="0">
  <testcase name="test1" time="2.521" classname="getRequest.Put_Data"/>
</testsuite> <!-- getRequest.Put_Data -->
