<?xml version="1.0" encoding="UTF-8"?>
<!-- Generated by org.testng.reporters.JUnitReportReporter -->
<testsuite skipped="0" hostname="DESKTOP-32RBSGC" name="getRequest.Post_Data" tests="1" failures="0" timestamp="28 Feb 2019 20:31:02 GMT" time="3.118" errors="0">
  <testcase name="test1" time="3.118" classname="getRequest.Post_Data"/>
</testsuite> <!-- getRequest.Post_Data -->
