<?xml version="1.0" encoding="UTF-8"?>
<!-- Generated by org.testng.reporters.JUnitReportReporter -->
<testsuite skipped="0" hostname="DESKTOP-32RBSGC" name="getRequest.Post_Del_Put" tests="1" failures="0" timestamp="28 Feb 2019 19:43:11 GMT" time="2.715" errors="0">
  <testcase name="test1" time="2.715" classname="getRequest.Post_Del_Put"/>
</testsuite> <!-- getRequest.Post_Del_Put -->
