<?xml version="1.0" encoding="UTF-8"?>
<!-- Generated by org.testng.reporters.JUnitReportReporter -->
<testsuite skipped="0" hostname="DESKTOP-32RBSGC" name="getRequest.GetData" tests="2" failures="0" timestamp="29 Mar 2019 14:51:29 GMT" time="4.869" errors="0">
  <testcase name="testResponseCode" time="0.303" classname="getRequest.GetData"/>
  <testcase name="testData" time="4.566" classname="getRequest.GetData"/>
</testsuite> <!-- getRequest.GetData -->
