<?xml version="1.0" encoding="UTF-8"?>
<!-- Generated by org.testng.reporters.JUnitReportReporter -->
<testsuite skipped="0" hostname="DESKTOP-32RBSGC" name="getRequest.SampleData" tests="2" failures="0" timestamp="15 Mar 2019 11:09:13 GMT" time="17.692" errors="0">
  <testcase name="testResponseCode" time="0.178" classname="getRequest.SampleData"/>
  <testcase name="testData" time="17.514" classname="getRequest.SampleData"/>
</testsuite> <!-- getRequest.SampleData -->
